<?xml version="1.0" encoding="UTF-8"?>
<testng-results skipped="0" failed="0" ignored="0" total="2" passed="2">
  <reporter-output>
  </reporter-output>
  <suite name="Suite" duration-ms="5753" started-at="2020-07-02T02:59:28Z" finished-at="2020-07-02T02:59:33Z">
    <groups>
    </groups>
    <test name="Test" duration-ms="5753" started-at="2020-07-02T02:59:28Z" finished-at="2020-07-02T02:59:33Z">
      <class name="com.Tests.LoginTest">
        <test-method status="PASS" signature="Launch()[pri:0, instance:com.Tests.LoginTest@54a097cc]" name="Launch" is-config="true" duration-ms="11768" started-at="2020-07-02T02:59:16Z" finished-at="2020-07-02T02:59:28Z">
          <reporter-output>
          </reporter-output>
        </test-method> <!-- Launch -->
        <test-method status="PASS" signature="CheckTitle()[pri:0, instance:com.Tests.LoginTest@54a097cc]" name="CheckTitle" duration-ms="12" started-at="2020-07-02T02:59:28Z" finished-at="2020-07-02T02:59:28Z">
          <reporter-output>
          </reporter-output>
        </test-method> <!-- CheckTitle -->
        <test-method status="PASS" signature="Loginn()[pri:0, instance:com.Tests.LoginTest@54a097cc]" name="Loginn" duration-ms="5721" started-at="2020-07-02T02:59:28Z" finished-at="2020-07-02T02:59:33Z">
          <reporter-output>
          </reporter-output>
        </test-method> <!-- Loginn -->
      </class> <!-- com.Tests.LoginTest -->
    </test> <!-- Test -->
  </suite> <!-- Suite -->
</testng-results>
